<?xml version="1.0" encoding="UTF-8"?>
<testng-results skipped="0" failed="1" ignored="0" total="3" passed="2">
  <reporter-output>
  </reporter-output>
  <suite name="Default suite" duration-ms="71509" started-at="2020-04-22T10:02:17Z" finished-at="2020-04-22T10:03:28Z">
    <groups>
    </groups>
    <test name="Default test" duration-ms="71509" started-at="2020-04-22T10:02:17Z" finished-at="2020-04-22T10:03:28Z">
      <class name="com.crmapplication.qa.testcases.DesktopLandingTestPage">
        <test-method status="PASS" signature="setUp()[pri:0, instance:com.crmapplication.qa.testcases.DesktopLandingTestPage@4c40b76e]" name="setUp" is-config="true" duration-ms="16345" started-at="2020-04-22T15:32:17Z" finished-at="2020-04-22T15:32:33Z">
          <reporter-output>
          </reporter-output>
        </test-method> <!-- setUp -->
        <test-method status="PASS" signature="DesktopLandingPageTitleTest()[pri:1, instance:com.crmapplication.qa.testcases.DesktopLandingTestPage@4c40b76e]" name="DesktopLandingPageTitleTest" duration-ms="215" started-at="2020-04-22T15:32:33Z" finished-at="2020-04-22T15:32:33Z">
          <reporter-output>
          </reporter-output>
        </test-method> <!-- DesktopLandingPageTitleTest -->
        <test-method status="PASS" signature="tearDown()[pri:0, instance:com.crmapplication.qa.testcases.DesktopLandingTestPage@4c40b76e]" name="tearDown" is-config="true" duration-ms="811" started-at="2020-04-22T15:32:33Z" finished-at="2020-04-22T15:32:34Z">
          <reporter-output>
          </reporter-output>
        </test-method> <!-- tearDown -->
        <test-method status="PASS" signature="setUp()[pri:0, instance:com.crmapplication.qa.testcases.DesktopLandingTestPage@4c40b76e]" name="setUp" is-config="true" duration-ms="18423" started-at="2020-04-22T15:32:34Z" finished-at="2020-04-22T15:32:52Z">
          <reporter-output>
          </reporter-output>
        </test-method> <!-- setUp -->
        <test-method status="FAIL" signature="DesktopLandingPageLogoTest()[pri:2, instance:com.crmapplication.qa.testcases.DesktopLandingTestPage@4c40b76e]" name="DesktopLandingPageLogoTest" duration-ms="80" started-at="2020-04-22T15:32:52Z" finished-at="2020-04-22T15:32:53Z">
          <exception class="org.openqa.selenium.InvalidSelectorException">
            <message>
              <![CDATA[invalid selector: Unable to locate an element with the xpath expression //a[@href='https://freecrm.com/;] because of the following error:
SyntaxError: Failed to execute 'evaluate' on 'Document': The string '//a[@href='https://freecrm.com/;]' is not a valid XPath expression.
  (Session info: chrome=81.0.4044.113)
For documentation on this error, please visit: https://www.seleniumhq.org/exceptions/invalid_selector_exception.html
Build info: version: '3.141.59', revision: 'e82be7d358', time: '2018-11-14T08:17:03'
System info: host: 'QA-AKOTKAR', ip: '192.168.0.106', os.name: 'Windows 10', os.arch: 'amd64', os.version: '10.0', java.version: '1.8.0_171'
Driver info: org.openqa.selenium.chrome.ChromeDriver
Capabilities {acceptInsecureCerts: false, browserName: chrome, browserVersion: 81.0.4044.113, chrome: {chromedriverVersion: 80.0.3987.106 (f68069574609..., userDataDir: C:\Users\akotkar\AppData\Lo...}, goog:chromeOptions: {debuggerAddress: localhost:55863}, javascriptEnabled: true, networkConnectionEnabled: false, pageLoadStrategy: normal, platform: WINDOWS, platformName: WINDOWS, proxy: Proxy(), setWindowRect: true, strictFileInteractability: false, timeouts: {implicit: 0, pageLoad: 300000, script: 30000}, unhandledPromptBehavior: dismiss and notify}
Session ID: 1fc6749865009676e34a9a325b674fe9
*** Element info: {Using=xpath, value=//a[@href='https://freecrm.com/;]}]]>
            </message>
            <full-stacktrace>
              <![CDATA[org.openqa.selenium.InvalidSelectorException: invalid selector: Unable to locate an element with the xpath expression //a[@href='https://freecrm.com/;] because of the following error:
SyntaxError: Failed to execute 'evaluate' on 'Document': The string '//a[@href='https://freecrm.com/;]' is not a valid XPath expression.
  (Session info: chrome=81.0.4044.113)
For documentation on this error, please visit: https://www.seleniumhq.org/exceptions/invalid_selector_exception.html
Build info: version: '3.141.59', revision: 'e82be7d358', time: '2018-11-14T08:17:03'
System info: host: 'QA-AKOTKAR', ip: '192.168.0.106', os.name: 'Windows 10', os.arch: 'amd64', os.version: '10.0', java.version: '1.8.0_171'
Driver info: org.openqa.selenium.chrome.ChromeDriver
Capabilities {acceptInsecureCerts: false, browserName: chrome, browserVersion: 81.0.4044.113, chrome: {chromedriverVersion: 80.0.3987.106 (f68069574609..., userDataDir: C:\Users\akotkar\AppData\Lo...}, goog:chromeOptions: {debuggerAddress: localhost:55863}, javascriptEnabled: true, networkConnectionEnabled: false, pageLoadStrategy: normal, platform: WINDOWS, platformName: WINDOWS, proxy: Proxy(), setWindowRect: true, strictFileInteractability: false, timeouts: {implicit: 0, pageLoad: 300000, script: 30000}, unhandledPromptBehavior: dismiss and notify}
Session ID: 1fc6749865009676e34a9a325b674fe9
*** Element info: {Using=xpath, value=//a[@href='https://freecrm.com/;]}
	at sun.reflect.NativeConstructorAccessorImpl.newInstance0(Native Method)
	at sun.reflect.NativeConstructorAccessorImpl.newInstance(Unknown Source)
	at sun.reflect.DelegatingConstructorAccessorImpl.newInstance(Unknown Source)
	at java.lang.reflect.Constructor.newInstance(Unknown Source)
	at org.openqa.selenium.remote.http.W3CHttpResponseCodec.createException(W3CHttpResponseCodec.java:187)
	at org.openqa.selenium.remote.http.W3CHttpResponseCodec.decode(W3CHttpResponseCodec.java:122)
	at org.openqa.selenium.remote.http.W3CHttpResponseCodec.decode(W3CHttpResponseCodec.java:49)
	at org.openqa.selenium.remote.HttpCommandExecutor.execute(HttpCommandExecutor.java:158)
	at org.openqa.selenium.remote.service.DriverCommandExecutor.execute(DriverCommandExecutor.java:83)
	at org.openqa.selenium.remote.RemoteWebDriver.execute(RemoteWebDriver.java:552)
	at org.openqa.selenium.remote.RemoteWebDriver.findElement(RemoteWebDriver.java:323)
	at org.openqa.selenium.remote.RemoteWebDriver.findElementByXPath(RemoteWebDriver.java:428)
	at org.openqa.selenium.By$ByXPath.findElement(By.java:353)
	at org.openqa.selenium.remote.RemoteWebDriver.findElement(RemoteWebDriver.java:315)
	at org.openqa.selenium.support.pagefactory.DefaultElementLocator.findElement(DefaultElementLocator.java:69)
	at org.openqa.selenium.support.pagefactory.internal.LocatingElementHandler.invoke(LocatingElementHandler.java:38)
	at com.sun.proxy.$Proxy9.isDisplayed(Unknown Source)
	at com.crmapplication.qa.applicationpages.DesktopLandingPage.validateDesktopPageLogo(DesktopLandingPage.java:29)
	at com.crmapplication.qa.testcases.DesktopLandingTestPage.DesktopLandingPageLogoTest(DesktopLandingTestPage.java:36)
	at sun.reflect.NativeMethodAccessorImpl.invoke0(Native Method)
	at sun.reflect.NativeMethodAccessorImpl.invoke(Unknown Source)
	at sun.reflect.DelegatingMethodAccessorImpl.invoke(Unknown Source)
	at java.lang.reflect.Method.invoke(Unknown Source)
	at org.testng.internal.MethodInvocationHelper.invokeMethod(MethodInvocationHelper.java:108)
	at org.testng.internal.Invoker.invokeMethod(Invoker.java:661)
	at org.testng.internal.Invoker.invokeTestMethod(Invoker.java:869)
	at org.testng.internal.Invoker.invokeTestMethods(Invoker.java:1193)
	at org.testng.internal.TestMethodWorker.invokeTestMethods(TestMethodWorker.java:126)
	at org.testng.internal.TestMethodWorker.run(TestMethodWorker.java:109)
	at org.testng.TestRunner.privateRun(TestRunner.java:744)
	at org.testng.TestRunner.run(TestRunner.java:602)
	at org.testng.SuiteRunner.runTest(SuiteRunner.java:380)
	at org.testng.SuiteRunner.runSequentially(SuiteRunner.java:375)
	at org.testng.SuiteRunner.privateRun(SuiteRunner.java:340)
	at org.testng.SuiteRunner.run(SuiteRunner.java:289)
	at org.testng.SuiteRunnerWorker.runSuite(SuiteRunnerWorker.java:52)
	at org.testng.SuiteRunnerWorker.run(SuiteRunnerWorker.java:86)
	at org.testng.TestNG.runSuitesSequentially(TestNG.java:1301)
	at org.testng.TestNG.runSuitesLocally(TestNG.java:1226)
	at org.testng.TestNG.runSuites(TestNG.java:1144)
	at org.testng.TestNG.run(TestNG.java:1115)
	at org.testng.remote.AbstractRemoteTestNG.run(AbstractRemoteTestNG.java:115)
	at org.testng.remote.RemoteTestNG.initAndRun(RemoteTestNG.java:251)
	at org.testng.remote.RemoteTestNG.main(RemoteTestNG.java:77)
]]>
            </full-stacktrace>
          </exception> <!-- org.openqa.selenium.InvalidSelectorException -->
          <reporter-output>
          </reporter-output>
        </test-method> <!-- DesktopLandingPageLogoTest -->
        <test-method status="PASS" signature="tearDown()[pri:0, instance:com.crmapplication.qa.testcases.DesktopLandingTestPage@4c40b76e]" name="tearDown" is-config="true" duration-ms="796" started-at="2020-04-22T15:32:53Z" finished-at="2020-04-22T15:32:53Z">
          <reporter-output>
          </reporter-output>
        </test-method> <!-- tearDown -->
        <test-method status="PASS" signature="setUp()[pri:0, instance:com.crmapplication.qa.testcases.DesktopLandingTestPage@4c40b76e]" name="setUp" is-config="true" duration-ms="14582" started-at="2020-04-22T15:32:53Z" finished-at="2020-04-22T15:33:08Z">
          <reporter-output>
          </reporter-output>
        </test-method> <!-- setUp -->
        <test-method status="PASS" signature="loginTest()[pri:3, instance:com.crmapplication.qa.testcases.DesktopLandingTestPage@4c40b76e]" name="loginTest" duration-ms="19334" started-at="2020-04-22T15:33:08Z" finished-at="2020-04-22T15:33:27Z">
          <reporter-output>
          </reporter-output>
        </test-method> <!-- loginTest -->
        <test-method status="PASS" signature="tearDown()[pri:0, instance:com.crmapplication.qa.testcases.DesktopLandingTestPage@4c40b76e]" name="tearDown" is-config="true" duration-ms="897" started-at="2020-04-22T15:33:27Z" finished-at="2020-04-22T15:33:28Z">
          <reporter-output>
          </reporter-output>
        </test-method> <!-- tearDown -->
      </class> <!-- com.crmapplication.qa.testcases.DesktopLandingTestPage -->
    </test> <!-- Default test -->
  </suite> <!-- Default suite -->
</testng-results>
